==========================================
SLURM_JOB_ID = 8059084
SLURM_SUBMIT_DIR = /home/mbojko
SLURM_JOB_NODELIST = mcn05
==========================================
Job ID: 8059084
Job User: mbojko
Num Cores: 1
res_func(x, P) = 22896.660939738467
results_NM =  * Status: failure (reached maximum number of iterations)

 * Candidate solution
    Final objective value:     1.761794e+02

 * Found with
    Algorithm:     Nelder-Mead

 * Convergence measures
    √(Σ(yᵢ-ȳ)²)/n ≰ 1.0e-16

 * Work counters
    Seconds run:   26  (vs limit Inf)
    Iterations:    50000
    f(x) calls:    73158

results =  * Status: success

 * Candidate solution
    Final objective value:     1.792148e-19

 * Found with
    Algorithm:     L-BFGS

 * Convergence measures
    |x - x'|               = 0.00e+00 ≤ 1.0e-32
    |x - x'|/|x'|          = 0.00e+00 ≤ 0.0e+00
    |f(x) - f(x')|         = 0.00e+00 ≤ 0.0e+00
    |f(x) - f(x')|/|f(x')| = 0.00e+00 ≤ 1.0e-32
    |g(x)|                 = 1.22e-08 ≰ 1.0e-32

 * Work counters
    Seconds run:   79  (vs limit Inf)
    Iterations:    11337
    f(x) calls:    35056
    ∇f(x) calls:   35056

xmin = results.minimizer = [1.282602708986592, 1.0970572032010129, 1.0972774566305665, 1.0974747152634352, 1.0976506146669769, 1.0978067213637728, 1.0979445282201743, 1.0980654515829171, 1.0981708298981205, 1.0982619235640578, 3.1084805583979787, 2.664571608110349, 2.6999189582856515, 2.7353959338993064, 2.7709892938159437, 2.80668687860401, 2.842477568098852, 2.878351230462742, 2.9142986651043437, 2.950311542474852, 1.722186197244237, 1.2835199413367022, 1.3177971528732433, 1.3523865078718207, 1.3872497261682388, 1.4223522107909632, 1.4576628486727112, 1.4931537891540543, 1.5288002084460723, 1.564580070577058]
true_minimizer = exp.(xmin) = [3.606012924668074, 2.9953383691553306, 2.9959981753634337, 2.996589220160011, 2.997116364777349, 2.997584271233683, 2.997997387363364, 2.9983599372088694, 2.9986759159757885, 2.998949088799901, 22.387002801783243, 14.361795751152346, 14.878525894766735, 15.415845883738477, 15.97442959968226, 16.554978604411296, 17.1582235864639, 17.784925748888423, 18.435878142979487, 19.111906971636486, 5.596750700256354, 3.609321993738098, 3.735184268112739, 3.8666423006635364, 4.003823286219605, 4.146863273701281, 4.2959076003322645, 4.451111272475472, 4.612639295357141, 4.78066697160047]
ED_vec_max = maximum(abs.(ED_L(true_minimizer, P))) = 6.45243858343747e-11
ED_vec_eq = ED_L(true_minimizer, P) = [-6.45243858343747e-11, 9.734435479913373e-13, -3.268496584496461e-13, -1.2008172234345693e-12, -6.110667527536862e-13, 3.339550858072471e-13, -2.5934809855243657e-13, -3.232969447708456e-13, 7.069900220812997e-13, 9.841016890277388e-13]
EA_vec_max = maximum(abs.(EA_S(true_minimizer, P))) = 1.8748025354398123e-10
EA_vec_eq = EA_S(true_minimizer, P) = [-5.3226756335789105e-11, -1.042685937591159e-10, -2.7343460828888055e-11, -2.8684610242635245e-11, 1.2015277661703294e-11, 1.4029666317583178e-11, 8.761347203289915e-11, 3.1175062531474396e-11, -4.6643577888971777e-11, -1.6903101140997023e-10, 1.7614976144386674e-10, 1.6897150345585032e-11, -8.568701304056958e-12, 1.729780763071176e-10, 6.658318341123959e-11, -1.8748025354398123e-10, 6.278533248860185e-11, 5.1668003209215385e-11, 7.345324348762006e-11, 8.448886035239411e-11]
